#
# There is insufficient memory for the Java Runtime Environment to continue.
# Native memory allocation (malloc) failed to allocate 359504 bytes for Chunk::new
# Possible reasons:
#   The system is out of physical RAM or swap space
#   The process is running with CompressedOops enabled, and the Java Heap may be blocking the growth of the native heap
# Possible solutions:
#   Reduce memory load on the system
#   Increase physical memory or swap space
#   Check if swap backing store is full
#   Decrease Java heap size (-Xmx/-Xms)
#   Decrease number of Java threads
#   Decrease Java thread stack sizes (-Xss)
#   Set larger code cache with -XX:ReservedCodeCacheSize=
#   JVM is running with Unscaled Compressed Oops mode in which the Java heap is
#     placed in the first 4GB address space. The Java Heap base address is the
#     maximum limit for the native heap growth. Please use -XX:HeapBaseMinAddress
#     to set the Java Heap base and to place the Java Heap above 4GB virtual address.
# This output file may be truncated or incomplete.
#
#  Out of Memory Error (allocation.cpp:389), pid=5280, tid=0x0000000000000954
#
# JRE version: Java(TM) SE Runtime Environment (8.0_211-b12) (build 1.8.0_211-b12)
# Java VM: Java HotSpot(TM) 64-Bit Server VM (25.211-b12 mixed mode windows-amd64 compressed oops)
# Failed to write core dump. Minidumps are not enabled by default on client versions of Windows
#

---------------  T H R E A D  ---------------

Current thread (0x00000000169f3000):  JavaThread "C2 CompilerThread2" daemon [_thread_in_native, id=2388, stack(0x00000000174d0000,0x00000000175d0000)]

Stack: [0x00000000174d0000,0x00000000175d0000]
[error occurred during error reporting (printing stack bounds), id 0xc0000005]

Native frames: (J=compiled Java code, j=interpreted, Vv=VM code, C=native code)


Current CompileTask:
C2:  51035 11555       4       java.lang.invoke.MethodType::makeImpl (66 bytes)


---------------  P R O C E S S  ---------------

Java Threads: ( => current thread )
  0x000000001c803800 JavaThread "ForkJoinPool.commonPool-worker-1" daemon [_thread_in_vm, id=13348, stack(0x0000000027080000,0x0000000027180000)]
  0x000000001c801800 JavaThread "ForkJoinPool.commonPool-worker-0" daemon [_thread_blocked, id=6384, stack(0x0000000026f80000,0x0000000027080000)]
  0x000000001c800000 JavaThread "Cache worker for Java compile cache (C:\workspace\semana_omnistack\mobile\android\.gradle\5.4.1\javaCompile)" [_thread_blocked, id=1672, stack(0x0000000026a80000,0x0000000026b80000)]
  0x000000001c806000 JavaThread "Cache worker for Java compile cache (C:\Users\e_pro\.gradle\caches\5.4.1\javaCompile)" [_thread_blocked, id=5884, stack(0x0000000026780000,0x0000000026880000)]
  0x000000001c800800 JavaThread "stdout" daemon [_thread_in_native, id=12404, stack(0x0000000026580000,0x0000000026680000)]
  0x000000001c7fe800 JavaThread "stderr" daemon [_thread_in_native, id=13832, stack(0x0000000026480000,0x0000000026580000)]
  0x000000001c803000 JavaThread "stdout" daemon [_thread_in_native, id=11036, stack(0x0000000026380000,0x0000000026480000)]
  0x000000001c584800 JavaThread "stderr" daemon [_thread_in_native, id=1876, stack(0x0000000026280000,0x0000000026380000)]
  0x0000000018d76800 JavaThread "stdout" daemon [_thread_in_native, id=15552, stack(0x0000000026180000,0x0000000026280000)]
  0x000000001fa45800 JavaThread "stderr" daemon [_thread_in_native, id=3792, stack(0x0000000026080000,0x0000000026180000)]
  0x000000001fa43800 JavaThread "stdout" daemon [_thread_in_native, id=14716, stack(0x0000000025f80000,0x0000000026080000)]
  0x000000001fa48800 JavaThread "stderr" daemon [_thread_in_native, id=12216, stack(0x0000000025e80000,0x0000000025f80000)]
  0x000000001fa4a000 JavaThread "stdout" daemon [_thread_in_native, id=2376, stack(0x0000000025d80000,0x0000000025e80000)]
  0x000000001fa42800 JavaThread "stderr" daemon [_thread_in_native, id=7796, stack(0x0000000025c80000,0x0000000025d80000)]
  0x000000001fa44000 JavaThread "stdout" daemon [_thread_in_native, id=4428, stack(0x0000000025b80000,0x0000000025c80000)]
  0x000000001fa49800 JavaThread "stderr" daemon [_thread_in_native, id=6860, stack(0x0000000025a80000,0x0000000025b80000)]
  0x000000001fa45000 JavaThread "stdout" daemon [_thread_in_native, id=9952, stack(0x0000000025980000,0x0000000025a80000)]
  0x000000001fa47000 JavaThread "stderr" daemon [_thread_in_native, id=3796, stack(0x0000000025880000,0x0000000025980000)]
  0x000000001fa46800 JavaThread "pool-2-thread-1" [_thread_blocked, id=7584, stack(0x0000000025780000,0x0000000025880000)]
  0x000000001fa48000 JavaThread "ForkJoinPool.commonPool-worker-7" daemon [_thread_blocked, id=2064, stack(0x0000000025680000,0x0000000025780000)]
  0x000000001fa3e000 JavaThread "ForkJoinPool.commonPool-worker-6" daemon [_thread_blocked, id=11208, stack(0x0000000025580000,0x0000000025680000)]
  0x000000001fa3d000 JavaThread "ForkJoinPool.commonPool-worker-5" daemon [_thread_blocked, id=15476, stack(0x0000000025480000,0x0000000025580000)]
  0x000000001fa3b000 JavaThread "ForkJoinPool.commonPool-worker-3" daemon [_thread_blocked, id=2024, stack(0x0000000025280000,0x0000000025380000)]
  0x000000001fa41000 JavaThread "ForkJoinPool.commonPool-worker-2" daemon [_thread_blocked, id=12336, stack(0x0000000025180000,0x0000000025280000)]
  0x000000001fa3f800 JavaThread "Cache worker for execution history cache (C:\workspace\semana_omnistack\mobile\android\.gradle\5.4.1\executionHistory)" [_thread_blocked, id=12536, stack(0x0000000024ad0000,0x0000000024bd0000)]
  0x000000001fa40800 JavaThread "Execution worker for ':' Thread 7" [_thread_blocked, id=12764, stack(0x00000000249d0000,0x0000000024ad0000)]
  0x000000001c58b800 JavaThread "Execution worker for ':' Thread 6" [_thread_blocked, id=8600, stack(0x00000000248d0000,0x00000000249d0000)]
  0x000000001c58a800 JavaThread "Execution worker for ':' Thread 5" [_thread_blocked, id=8956, stack(0x00000000237c0000,0x00000000238c0000)]
  0x000000001c58a000 JavaThread "Execution worker for ':' Thread 4" [_thread_blocked, id=15472, stack(0x00000000236c0000,0x00000000237c0000)]
  0x000000001c588800 JavaThread "Execution worker for ':' Thread 3" [_thread_blocked, id=3816, stack(0x00000000235c0000,0x00000000236c0000)]
  0x000000001c587800 JavaThread "Execution worker for ':' Thread 2" [_thread_blocked, id=4520, stack(0x00000000232b0000,0x00000000233b0000)]
  0x000000001c589000 JavaThread "Execution worker for ':'" [_thread_blocked, id=7912, stack(0x00000000231b0000,0x00000000232b0000)]
  0x000000001c587000 JavaThread "Cache worker for file content cache (C:\workspace\semana_omnistack\mobile\android\.gradle\5.4.1\fileContent)" [_thread_blocked, id=8984, stack(0x00000000230b0000,0x00000000231b0000)]
  0x000000001c586000 JavaThread "Cache worker for file content cache (C:\Users\e_pro\.gradle\caches\5.4.1\fileContent)" [_thread_blocked, id=11128, stack(0x0000000022fb0000,0x00000000230b0000)]
  0x000000001c57e800 JavaThread "Memory manager" [_thread_blocked, id=5600, stack(0x0000000022cb0000,0x0000000022db0000)]
  0x000000001c585800 JavaThread "Cache worker for Build Output Cleanup Cache (C:\workspace\semana_omnistack\mobile\android\.gradle\buildOutputCleanup)" [_thread_blocked, id=13672, stack(0x0000000021db0000,0x0000000021eb0000)]
  0x000000001c57e000 JavaThread "pool-1-thread-1" [_thread_blocked, id=6448, stack(0x0000000021ab0000,0x0000000021bb0000)]
  0x000000001c581800 JavaThread "Build operations Thread 8" [_thread_blocked, id=15716, stack(0x00000000215b0000,0x00000000216b0000)]
  0x000000001c57d000 JavaThread "Build operations Thread 7" [_thread_blocked, id=12728, stack(0x00000000214b0000,0x00000000215b0000)]
  0x000000001c57f800 JavaThread "Build operations Thread 6" [_thread_blocked, id=436, stack(0x00000000213b0000,0x00000000214b0000)]
  0x000000001c57c800 JavaThread "Build operations Thread 5" [_thread_blocked, id=10892, stack(0x00000000212b0000,0x00000000213b0000)]
  0x000000001c580000 JavaThread "Build operations Thread 4" [_thread_blocked, id=15544, stack(0x00000000211b0000,0x00000000212b0000)]
  0x000000001c581000 JavaThread "Build operations Thread 3" [_thread_blocked, id=13124, stack(0x00000000210b0000,0x00000000211b0000)]
  0x000000001c583000 JavaThread "Build operations Thread 2" [_thread_blocked, id=5480, stack(0x0000000020fb0000,0x00000000210b0000)]
  0x000000001c582800 JavaThread "Build operations" [_thread_blocked, id=15056, stack(0x0000000020eb0000,0x0000000020fb0000)]
  0x0000000018d78800 JavaThread "Cache worker for execution history cache (C:\Users\e_pro\.gradle\caches\5.4.1\executionHistory)" [_thread_blocked, id=4916, stack(0x00000000209b0000,0x0000000020ab0000)]
  0x0000000018d79800 JavaThread "Cache worker for cache directory md-rule (C:\Users\e_pro\.gradle\caches\5.4.1\md-rule)" [_thread_blocked, id=15872, stack(0x00000000208b0000,0x00000000209b0000)]
  0x0000000018d7b800 JavaThread "Cache worker for cache directory md-supplier (C:\Users\e_pro\.gradle\caches\5.4.1\md-supplier)" [_thread_blocked, id=2860, stack(0x000000001e330000,0x000000001e430000)]
  0x0000000018d7a000 JavaThread "Cache worker for file hash cache (C:\workspace\semana_omnistack\mobile\android\.gradle\5.4.1\fileHashes)" [_thread_blocked, id=10952, stack(0x000000001e030000,0x000000001e130000)]
  0x0000000018d7c800 JavaThread "Cache worker for journal cache (C:\Users\e_pro\.gradle\caches\journal-1)" [_thread_blocked, id=9032, stack(0x000000001a630000,0x000000001a730000)]
  0x0000000018d77000 JavaThread "File lock request listener" [_thread_in_native, id=12756, stack(0x000000001a530000,0x000000001a630000)]
  0x0000000018d7d000 JavaThread "Cache worker for file hash cache (C:\Users\e_pro\.gradle\caches\5.4.1\fileHashes)" [_thread_blocked, id=14180, stack(0x000000001a430000,0x000000001a530000)]
  0x0000000018d64000 JavaThread "Thread-9" [_thread_blocked, id=11944, stack(0x000000001a330000,0x000000001a430000)]
  0x0000000018d51000 JavaThread "Stdin handler" [_thread_blocked, id=16156, stack(0x000000001a230000,0x000000001a330000)]
  0x0000000018d50800 JavaThread "Asynchronous log dispatcher for DefaultDaemonConnection: socket connection from /127.0.0.1:50806 to /127.0.0.1:50807" [_thread_blocked, id=12348, stack(0x000000001a130000,0x000000001a230000)]
  0x0000000018dc2000 JavaThread "Daemon worker" [_thread_blocked, id=13200, stack(0x0000000019d30000,0x0000000019e30000)]
  0x0000000018dbf800 JavaThread "Cancel handler" [_thread_blocked, id=12352, stack(0x0000000019c30000,0x0000000019d30000)]
  0x0000000018db7000 JavaThread "Handler for socket connection from /127.0.0.1:50806 to /127.0.0.1:50807" [_thread_in_native, id=16348, stack(0x0000000019b30000,0x0000000019c30000)]
  0x0000000018db6000 JavaThread "Daemon" [_thread_blocked, id=15772, stack(0x0000000019a30000,0x0000000019b30000)]
  0x0000000018da1800 JavaThread "Daemon periodic checks" [_thread_blocked, id=16184, stack(0x0000000019930000,0x0000000019a30000)]
  0x0000000018d9c800 JavaThread "Incoming local TCP Connector on port 50806" [_thread_in_native, id=2220, stack(0x0000000019830000,0x0000000019930000)]
  0x0000000017ec1000 JavaThread "Daemon health stats" [_thread_blocked, id=3908, stack(0x00000000191f0000,0x00000000192f0000)]
  0x0000000016a18000 JavaThread "Service Thread" daemon [_thread_blocked, id=14568, stack(0x00000000176d0000,0x00000000177d0000)]
  0x00000000169f7000 JavaThread "C1 CompilerThread3" daemon [_thread_blocked, id=9888, stack(0x00000000175d0000,0x00000000176d0000)]
=>0x00000000169f3000 JavaThread "C2 CompilerThread2" daemon [_thread_in_native, id=2388, stack(0x00000000174d0000,0x00000000175d0000)]
  0x00000000169ef800 JavaThread "C2 CompilerThread1" daemon [_thread_blocked, id=15524, stack(0x00000000173d0000,0x00000000174d0000)]
  0x00000000169ec800 JavaThread "C2 CompilerThread0" daemon [_thread_in_native, id=9440, stack(0x00000000172d0000,0x00000000173d0000)]
  0x00000000169e9800 JavaThread "Attach Listener" daemon [_thread_blocked, id=16004, stack(0x00000000171d0000,0x00000000172d0000)]
  0x0000000014bee000 JavaThread "Signal Dispatcher" daemon [_thread_blocked, id=2972, stack(0x00000000170d0000,0x00000000171d0000)]
  0x0000000003329800 JavaThread "Finalizer" daemon [_thread_blocked, id=16328, stack(0x0000000016ec0000,0x0000000016fc0000)]
  0x0000000003326000 JavaThread "Reference Handler" daemon [_thread_blocked, id=10612, stack(0x0000000016dc0000,0x0000000016ec0000)]
  0x0000000003232800 JavaThread "main" [_thread_blocked, id=15816, stack(0x0000000003050000,0x0000000003150000)]

Other Threads:
  0x0000000014bd9800 VMThread [stack: 0x00000000168c0000,0x00000000169c0000] [id=11032]
  0x0000000016a1a000 WatcherThread [stack: 0x0000000017920000,0x0000000017a20000] [id=7096]

VM state:not at safepoint (normal execution)

VM Mutex/Monitor currently owned by a thread: None

heap address: 0x00000000e0000000, size: 512 MB, Compressed Oops mode: 32-bit
Narrow klass base: 0x0000000000000000, Narrow klass shift: 3
Compressed class space size: 1073741824 Address: 0x0000000100000000

Heap:
 PSYoungGen      total 140288K, used 49961K [0x00000000f5580000, 0x0000000100000000, 0x0000000100000000)
  eden space 121344K, 25% used [0x00000000f5580000,0x00000000f741f370,0x00000000fcc00000)
  from space 18944K, 98% used [0x00000000fcc00000,0x00000000fde2b478,0x00000000fde80000)
  to   space 27136K, 0% used [0x00000000fe580000,0x00000000fe580000,0x0000000100000000)
 ParOldGen       total 175104K, used 64829K [0x00000000e0000000, 0x00000000eab00000, 0x00000000f5580000)
  object space 175104K, 37% used [0x00000000e0000000,0x00000000e3f4f768,0x00000000eab00000)
 Metaspace       used 76142K, capacity 78778K, committed 79000K, reserved 1118208K
  class space    used 10263K, capacity 10843K, committed 10904K, reserved 1048576K

Card table byte_map: [0x00000000127e0000,0x00000000128f0000] byte_map_base: 0x00000000120e0000

Marking Bits: (ParMarkBitMap*) 0x000000005b5e5ce0
 Begin Bits: [0x00000000130f0000, 0x00000000138f0000)
 End Bits:   [0x00000000138f0000, 0x00000000140f0000)

Polling page: 0x0000000001750000

CodeCache: size=245760Kb used=32255Kb max_used=34251Kb free=213504Kb
 bounds [0x0000000003420000, 0x00000000055c0000, 0x0000000012420000]
 total_blobs=10468 nmethods=9598 adapters=781
 compilation: enabled

Compilation events (10 events):
Event: 51.005 Thread 0x00000000169f7000 nmethod 11564 0x0000000004283390 code [0x0000000004283560, 0x0000000004283c78]
Event: 51.006 Thread 0x00000000169ef800 nmethod 11560 0x000000000517d7d0 code [0x000000000517d9e0, 0x000000000517eb10]
Event: 51.006 Thread 0x00000000169ef800 11565       4       java.util.Arrays::hashCode (44 bytes)
Event: 51.008 Thread 0x00000000169f7000 11566       3       com.android.tools.r8.graph.DexItemFactory::createMethod (50 bytes)
Event: 51.009 Thread 0x00000000169ef800 nmethod 11565 0x00000000047dc810 code [0x00000000047dc940, 0x00000000047dca98]
Event: 51.009 Thread 0x00000000169f7000 nmethod 11566 0x0000000004ab0010 code [0x0000000004ab01a0, 0x0000000004ab04d8]
Event: 51.024 Thread 0x00000000169f7000 11567       3       com.android.tools.r8.org.objectweb.asm.ClassReader::readUTF (161 bytes)
Event: 51.025 Thread 0x00000000169f7000 nmethod 11567 0x000000000525e190 code [0x000000000525e320, 0x000000000525e7a8]
Event: 51.025 Thread 0x00000000169f7000 11568       1       com.android.tools.r8.graph.JarClassFileReader$CreateDexClassVisitor::access$300 (5 bytes)
Event: 51.025 Thread 0x00000000169f7000 nmethod 11568 0x0000000004940390 code [0x00000000049404e0, 0x00000000049405d0]

GC Heap History (10 events):
Event: 38.274 GC heap before
{Heap before GC invocations=14 (full 3):
 PSYoungGen      total 152576K, used 146710K [0x00000000f5580000, 0x00000000ffe00000, 0x0000000100000000)
  eden space 135680K, 100% used [0x00000000f5580000,0x00000000fda00000,0x00000000fda00000)
  from space 16896K, 65% used [0x00000000fed80000,0x00000000ff845a90,0x00000000ffe00000)
  to   space 18432K, 0% used [0x00000000fda00000,0x00000000fda00000,0x00000000fec00000)
 ParOldGen       total 175104K, used 34781K [0x00000000e0000000, 0x00000000eab00000, 0x00000000f5580000)
  object space 175104K, 19% used [0x00000000e0000000,0x00000000e21f75e0,0x00000000eab00000)
 Metaspace       used 64810K, capacity 67048K, committed 67096K, reserved 1107968K
  class space    used 8934K, capacity 9492K, committed 9496K, reserved 1048576K
Event: 38.292 GC heap after
Heap after GC invocations=14 (full 3):
 PSYoungGen      total 154112K, used 18427K [0x00000000f5580000, 0x0000000100000000, 0x0000000100000000)
  eden space 135680K, 0% used [0x00000000f5580000,0x00000000f5580000,0x00000000fda00000)
  from space 18432K, 99% used [0x00000000fda00000,0x00000000febfec78,0x00000000fec00000)
  to   space 20480K, 0% used [0x00000000fec00000,0x00000000fec00000,0x0000000100000000)
 ParOldGen       total 175104K, used 39632K [0x00000000e0000000, 0x00000000eab00000, 0x00000000f5580000)
  object space 175104K, 22% used [0x00000000e0000000,0x00000000e26b4348,0x00000000eab00000)
 Metaspace       used 64810K, capacity 67048K, committed 67096K, reserved 1107968K
  class space    used 8934K, capacity 9492K, committed 9496K, reserved 1048576K
}
Event: 43.895 GC heap before
{Heap before GC invocations=15 (full 3):
 PSYoungGen      total 154112K, used 154107K [0x00000000f5580000, 0x0000000100000000, 0x0000000100000000)
  eden space 135680K, 100% used [0x00000000f5580000,0x00000000fda00000,0x00000000fda00000)
  from space 18432K, 99% used [0x00000000fda00000,0x00000000febfec78,0x00000000fec00000)
  to   space 20480K, 0% used [0x00000000fec00000,0x00000000fec00000,0x0000000100000000)
 ParOldGen       total 175104K, used 39632K [0x00000000e0000000, 0x00000000eab00000, 0x00000000f5580000)
  object space 175104K, 22% used [0x00000000e0000000,0x00000000e26b4348,0x00000000eab00000)
 Metaspace       used 66775K, capacity 69034K, committed 69144K, reserved 1107968K
  class space    used 9138K, capacity 9675K, committed 9752K, reserved 1048576K
Event: 43.917 GC heap after
Heap after GC invocations=15 (full 3):
 PSYoungGen      total 151040K, used 14460K [0x00000000f5580000, 0x0000000100000000, 0x0000000100000000)
  eden space 130560K, 0% used [0x00000000f5580000,0x00000000f5580000,0x00000000fd500000)
  from space 20480K, 70% used [0x00000000fec00000,0x00000000ffa1f250,0x0000000100000000)
  to   space 22016K, 0% used [0x00000000fd500000,0x00000000fd500000,0x00000000fea80000)
 ParOldGen       total 175104K, used 46932K [0x00000000e0000000, 0x00000000eab00000, 0x00000000f5580000)
  object space 175104K, 26% used [0x00000000e0000000,0x00000000e2dd5178,0x00000000eab00000)
 Metaspace       used 66775K, capacity 69034K, committed 69144K, reserved 1107968K
  class space    used 9138K, capacity 9675K, committed 9752K, reserved 1048576K
}
Event: 45.200 GC heap before
{Heap before GC invocations=16 (full 3):
 PSYoungGen      total 151040K, used 145020K [0x00000000f5580000, 0x0000000100000000, 0x0000000100000000)
  eden space 130560K, 100% used [0x00000000f5580000,0x00000000fd500000,0x00000000fd500000)
  from space 20480K, 70% used [0x00000000fec00000,0x00000000ffa1f250,0x0000000100000000)
  to   space 22016K, 0% used [0x00000000fd500000,0x00000000fd500000,0x00000000fea80000)
 ParOldGen       total 175104K, used 46932K [0x00000000e0000000, 0x00000000eab00000, 0x00000000f5580000)
  object space 175104K, 26% used [0x00000000e0000000,0x00000000e2dd5178,0x00000000eab00000)
 Metaspace       used 70689K, capacity 72910K, committed 72984K, reserved 1112064K
  class space    used 9657K, capacity 10223K, committed 10264K, reserved 1048576K
Event: 45.210 GC heap after
Heap after GC invocations=16 (full 3):
 PSYoungGen      total 152576K, used 15336K [0x00000000f5580000, 0x0000000100000000, 0x0000000100000000)
  eden space 130560K, 0% used [0x00000000f5580000,0x00000000f5580000,0x00000000fd500000)
  from space 22016K, 69% used [0x00000000fd500000,0x00000000fe3fa330,0x00000000fea80000)
  to   space 22016K, 0% used [0x00000000fea80000,0x00000000fea80000,0x0000000100000000)
 ParOldGen       total 175104K, used 46940K [0x00000000e0000000, 0x00000000eab00000, 0x00000000f5580000)
  object space 175104K, 26% used [0x00000000e0000000,0x00000000e2dd7178,0x00000000eab00000)
 Metaspace       used 70689K, capacity 72910K, committed 72984K, reserved 1112064K
  class space    used 9657K, capacity 10223K, committed 10264K, reserved 1048576K
}
Event: 49.122 GC heap before
{Heap before GC invocations=17 (full 3):
 PSYoungGen      total 152576K, used 145896K [0x00000000f5580000, 0x0000000100000000, 0x0000000100000000)
  eden space 130560K, 100% used [0x00000000f5580000,0x00000000fd500000,0x00000000fd500000)
  from space 22016K, 69% used [0x00000000fd500000,0x00000000fe3fa330,0x00000000fea80000)
  to   space 22016K, 0% used [0x00000000fea80000,0x00000000fea80000,0x0000000100000000)
 ParOldGen       total 175104K, used 46940K [0x00000000e0000000, 0x00000000eab00000, 0x00000000f5580000)
  object space 175104K, 26% used [0x00000000e0000000,0x00000000e2dd7178,0x00000000eab00000)
 Metaspace       used 73670K, capacity 76026K, committed 76056K, reserved 1114112K
  class space    used 9943K, capacity 10513K, committed 10520K, reserved 1048576K
Event: 49.150 GC heap after
Heap after GC invocations=17 (full 3):
 PSYoungGen      total 143360K, used 22014K [0x00000000f5580000, 0x0000000100000000, 0x0000000100000000)
  eden space 121344K, 0% used [0x00000000f5580000,0x00000000f5580000,0x00000000fcc00000)
  from space 22016K, 99% used [0x00000000fea80000,0x00000000fffff9e0,0x0000000100000000)
  to   space 26624K, 0% used [0x00000000fcc00000,0x00000000fcc00000,0x00000000fe600000)
 ParOldGen       total 175104K, used 52653K [0x00000000e0000000, 0x00000000eab00000, 0x00000000f5580000)
  object space 175104K, 30% used [0x00000000e0000000,0x00000000e336b678,0x00000000eab00000)
 Metaspace       used 73670K, capacity 76026K, committed 76056K, reserved 1114112K
  class space    used 9943K, capacity 10513K, committed 10520K, reserved 1048576K
}
Event: 49.772 GC heap before
{Heap before GC invocations=18 (full 3):
 PSYoungGen      total 143360K, used 143180K [0x00000000f5580000, 0x0000000100000000, 0x0000000100000000)
  eden space 121344K, 99% used [0x00000000f5580000,0x00000000fcbd3638,0x00000000fcc00000)
  from space 22016K, 99% used [0x00000000fea80000,0x00000000fffff9e0,0x0000000100000000)
  to   space 26624K, 0% used [0x00000000fcc00000,0x00000000fcc00000,0x00000000fe600000)
 ParOldGen       total 175104K, used 52653K [0x00000000e0000000, 0x00000000eab00000, 0x00000000f5580000)
  object space 175104K, 30% used [0x00000000e0000000,0x00000000e336b678,0x00000000eab00000)
 Metaspace       used 73774K, capacity 76106K, committed 76312K, reserved 1116160K
  class space    used 9957K, capacity 10517K, committed 10520K, reserved 1048576K
Event: 49.793 GC heap after
Heap after GC invocations=18 (full 3):
 PSYoungGen      total 140288K, used 18605K [0x00000000f5580000, 0x0000000100000000, 0x0000000100000000)
  eden space 121344K, 0% used [0x00000000f5580000,0x00000000f5580000,0x00000000fcc00000)
  from space 18944K, 98% used [0x00000000fcc00000,0x00000000fde2b478,0x00000000fde80000)
  to   space 27136K, 0% used [0x00000000fe580000,0x00000000fe580000,0x0000000100000000)
 ParOldGen       total 175104K, used 64829K [0x00000000e0000000, 0x00000000eab00000, 0x00000000f5580000)
  object space 175104K, 37% used [0x00000000e0000000,0x00000000e3f4f768,0x00000000eab00000)
 Metaspace       used 73774K, capacity 76106K, committed 76312K, reserved 1116160K
  class space    used 9957K, capacity 10517K, committed 10520K, reserved 1048576K
}

Deoptimization events (10 events):
Event: 50.817 Thread 0x000000001fa3e000 Uncommon trap: reason=unstable_if action=reinterpret pc=0x0000000003e1d4ac method=sun.nio.fs.WindowsPathParser.isSlash(C)Z @ 9
Event: 50.817 Thread 0x000000001c803800 Uncommon trap: reason=unstable_if action=reinterpret pc=0x0000000003de0a78 method=sun.nio.fs.WindowsPathParser.isSlash(C)Z @ 9
Event: 50.817 Thread 0x000000001fa41000 Uncommon trap: reason=unstable_if action=reinterpret pc=0x0000000003de0a78 method=sun.nio.fs.WindowsPathParser.isSlash(C)Z @ 9
Event: 50.817 Thread 0x000000001fa3d000 Uncommon trap: reason=unstable_if action=reinterpret pc=0x000000000399f498 method=sun.nio.fs.WindowsPathParser.isSlash(C)Z @ 9
Event: 50.923 Thread 0x000000001fa41000 Uncommon trap: reason=bimorphic action=maybe_recompile pc=0x0000000004b17e68 method=java.util.concurrent.ConcurrentHashMap.putVal(Ljava/lang/Object;Ljava/lang/Object;Z)Ljava/lang/Object; @ 192
Event: 50.923 Thread 0x000000001fa3e000 Uncommon trap: reason=bimorphic action=maybe_recompile pc=0x0000000004b17e68 method=java.util.concurrent.ConcurrentHashMap.putVal(Ljava/lang/Object;Ljava/lang/Object;Z)Ljava/lang/Object; @ 192
Event: 50.923 Thread 0x000000001fa3d000 Uncommon trap: reason=bimorphic action=maybe_recompile pc=0x0000000004b17e68 method=java.util.concurrent.ConcurrentHashMap.putVal(Ljava/lang/Object;Ljava/lang/Object;Z)Ljava/lang/Object; @ 192
Event: 50.923 Thread 0x000000001c803800 Uncommon trap: reason=bimorphic action=maybe_recompile pc=0x0000000004b17e68 method=java.util.concurrent.ConcurrentHashMap.putVal(Ljava/lang/Object;Ljava/lang/Object;Z)Ljava/lang/Object; @ 192
Event: 50.980 Thread 0x000000001c803800 Uncommon trap: reason=unstable_if action=reinterpret pc=0x0000000003c005e0 method=java.nio.Bits.putInt(Ljava/nio/ByteBuffer;IIZ)V @ 1
Event: 51.020 Thread 0x000000001c803800 Uncommon trap: reason=unstable_if action=reinterpret pc=0x0000000003871720 method=java.util.WeakHashMap.remove(Ljava/lang/Object;)Ljava/lang/Object; @ 94

Classes redefined (0 events):
No events

Internal exceptions (10 events):
Event: 50.773 Thread 0x000000001c58a800 Exception <a 'sun/nio/fs/WindowsException'> (0x00000000f64a0568) thrown at [C:\re\workspace\8-2-build-windows-amd64-cygwin\jdk8u211\12973\hotspot\src\share\vm\prims\jni.cpp, line 710]
Event: 50.792 Thread 0x000000001c58a800 Exception <a 'sun/nio/fs/WindowsException'> (0x00000000f64d25a8) thrown at [C:\re\workspace\8-2-build-windows-amd64-cygwin\jdk8u211\12973\hotspot\src\share\vm\prims\jni.cpp, line 710]
Event: 50.813 Thread 0x000000001fa41000 Exception <a 'java/lang/NoSuchMethodError': java.lang.Object.lambda$and$0(Ljava/util/function/Predicate;Ljava/lang/Object;)Z> (0x00000000f65afe60) thrown at [C:\re\workspace\8-2-build-windows-amd64-cygwin\jdk8u211\12973\hotspot\src\share\vm\interpreter\li
Event: 50.813 Thread 0x000000001fa3d000 Exception <a 'java/lang/NoSuchMethodError': java.lang.Object.lambda$and$0(Ljava/util/function/Predicate;Ljava/lang/Object;)Z> (0x00000000f65f22e0) thrown at [C:\re\workspace\8-2-build-windows-amd64-cygwin\jdk8u211\12973\hotspot\src\share\vm\interpreter\li
Event: 50.813 Thread 0x000000001fa3e000 Exception <a 'java/lang/NoSuchMethodError': java.lang.Object.lambda$and$0(Ljava/util/function/Predicate;Ljava/lang/Object;)Z> (0x00000000f657ff20) thrown at [C:\re\workspace\8-2-build-windows-amd64-cygwin\jdk8u211\12973\hotspot\src\share\vm\interpreter\li
Event: 50.813 Thread 0x000000001c803800 Exception <a 'java/lang/NoSuchMethodError': java.lang.Object.lambda$and$0(Ljava/util/function/Predicate;Ljava/lang/Object;)Z> (0x00000000f65ce5a0) thrown at [C:\re\workspace\8-2-build-windows-amd64-cygwin\jdk8u211\12973\hotspot\src\share\vm\interpreter\li
Event: 50.866 Thread 0x000000001fa3d000 Exception <a 'sun/nio/fs/WindowsException'> (0x00000000f6beb100) thrown at [C:\re\workspace\8-2-build-windows-amd64-cygwin\jdk8u211\12973\hotspot\src\share\vm\prims\jni.cpp, line 710]
Event: 50.866 Thread 0x000000001fa3e000 Exception <a 'sun/nio/fs/WindowsException'> (0x00000000f6b64870) thrown at [C:\re\workspace\8-2-build-windows-amd64-cygwin\jdk8u211\12973\hotspot\src\share\vm\prims\jni.cpp, line 710]
Event: 50.866 Thread 0x000000001c803800 Exception <a 'sun/nio/fs/WindowsException'> (0x00000000f6c074b0) thrown at [C:\re\workspace\8-2-build-windows-amd64-cygwin\jdk8u211\12973\hotspot\src\share\vm\prims\jni.cpp, line 710]
Event: 50.866 Thread 0x000000001fa41000 Exception <a 'sun/nio/fs/WindowsException'> (0x00000000f6c28260) thrown at [C:\re\workspace\8-2-build-windows-amd64-cygwin\jdk8u211\12973\hotspot\src\share\vm\prims\jni.cpp, line 710]

Events (10 events):
Event: 51.022 loading class com/android/tools/r8/ir/code/ConstInstruction
Event: 51.022 loading class com/android/tools/r8/ir/code/ConstInstruction done
Event: 51.023 loading class com/android/tools/r8/graph/DexCode
Event: 51.023 loading class com/android/tools/r8/graph/DexCode done
Event: 51.024 loading class com/android/tools/r8/graph/CfCode
Event: 51.024 loading class com/android/tools/r8/graph/CfCode done
Event: 51.025 loading class com/android/tools/r8/naming/MemberNaming$Signature
Event: 51.025 loading class com/android/tools/r8/naming/MemberNaming$Signature done
Event: 51.026 loading class com/android/tools/r8/naming/MemberNaming$MethodSignature
Event: 51.026 loading class com/android/tools/r8/naming/MemberNaming$MethodSignature done


Dynamic libraries:
0x00007ff62ab80000 - 0x00007ff62abb7000 	C:\Program Files\Java\jdk1.8.0_211\bin\java.exe
0x00007ffc25070000 - 0x00007ffc25251000 	C:\WINDOWS\SYSTEM32\ntdll.dll
0x00007ffc24460000 - 0x00007ffc24511000 	C:\WINDOWS\System32\KERNEL32.DLL
0x00007ffc21700000 - 0x00007ffc21973000 	C:\WINDOWS\System32\KERNELBASE.dll
0x00007ffc24f90000 - 0x00007ffc25031000 	C:\WINDOWS\System32\ADVAPI32.dll
0x00007ffc227e0000 - 0x00007ffc2287e000 	C:\WINDOWS\System32\msvcrt.dll
0x00007ffc22780000 - 0x00007ffc227db000 	C:\WINDOWS\System32\sechost.dll
0x00007ffc22500000 - 0x00007ffc22624000 	C:\WINDOWS\System32\RPCRT4.dll
0x00007ffc24740000 - 0x00007ffc248d0000 	C:\WINDOWS\System32\USER32.dll
0x00007ffc21440000 - 0x00007ffc21460000 	C:\WINDOWS\System32\win32u.dll
0x00007ffc24f60000 - 0x00007ffc24f88000 	C:\WINDOWS\System32\GDI32.dll
0x00007ffc214c0000 - 0x00007ffc21651000 	C:\WINDOWS\System32\gdi32full.dll
0x00007ffc21660000 - 0x00007ffc216ff000 	C:\WINDOWS\System32\msvcp_win.dll
0x00007ffc21a30000 - 0x00007ffc21b28000 	C:\WINDOWS\System32\ucrtbase.dll
0x00007ffc0e920000 - 0x00007ffc0eb89000 	C:\WINDOWS\WinSxS\amd64_microsoft.windows.common-controls_6595b64144ccf1df_6.0.17134.885_none_fb42a3473065565f\COMCTL32.dll
0x00007ffc24130000 - 0x00007ffc24452000 	C:\WINDOWS\System32\combase.dll
0x00007ffc21b30000 - 0x00007ffc21ba9000 	C:\WINDOWS\System32\bcryptPrimitives.dll
0x00007ffc248d0000 - 0x00007ffc248fd000 	C:\WINDOWS\System32\IMM32.DLL
0x000000005b670000 - 0x000000005b742000 	C:\Program Files\Java\jdk1.8.0_211\jre\bin\msvcr100.dll
0x000000005adc0000 - 0x000000005b665000 	C:\Program Files\Java\jdk1.8.0_211\jre\bin\server\jvm.dll
0x00007ffc24710000 - 0x00007ffc24718000 	C:\WINDOWS\System32\PSAPI.DLL
0x00007ffc03b50000 - 0x00007ffc03b59000 	C:\WINDOWS\SYSTEM32\WSOCK32.dll
0x00007ffc187f0000 - 0x00007ffc18813000 	C:\WINDOWS\SYSTEM32\WINMM.dll
0x00007ffc18160000 - 0x00007ffc1816a000 	C:\WINDOWS\SYSTEM32\VERSION.dll
0x00007ffc246a0000 - 0x00007ffc2470c000 	C:\WINDOWS\System32\WS2_32.dll
0x00007ffc181e0000 - 0x00007ffc1820a000 	C:\WINDOWS\SYSTEM32\WINMMBASE.dll
0x00007ffc21da0000 - 0x00007ffc21de9000 	C:\WINDOWS\System32\cfgmgr32.dll
0x00007ffc18290000 - 0x00007ffc1829f000 	C:\Program Files\Java\jdk1.8.0_211\jre\bin\verify.dll
0x00007ffc0f120000 - 0x00007ffc0f149000 	C:\Program Files\Java\jdk1.8.0_211\jre\bin\java.dll
0x00007ffc116e0000 - 0x00007ffc116f6000 	C:\Program Files\Java\jdk1.8.0_211\jre\bin\zip.dll
0x00007ffc22b80000 - 0x00007ffc23fc0000 	C:\WINDOWS\System32\SHELL32.dll
0x00007ffc22920000 - 0x00007ffc229c9000 	C:\WINDOWS\System32\shcore.dll
0x00007ffc21df0000 - 0x00007ffc224fd000 	C:\WINDOWS\System32\windows.storage.dll
0x00007ffc24900000 - 0x00007ffc24951000 	C:\WINDOWS\System32\shlwapi.dll
0x00007ffc21420000 - 0x00007ffc21431000 	C:\WINDOWS\System32\kernel.appcore.dll
0x00007ffc21400000 - 0x00007ffc2141f000 	C:\WINDOWS\System32\profapi.dll
0x00007ffc213b0000 - 0x00007ffc213fc000 	C:\WINDOWS\System32\powrprof.dll
0x00007ffc213a0000 - 0x00007ffc213aa000 	C:\WINDOWS\System32\FLTLIB.DLL
0x00007ffc0f100000 - 0x00007ffc0f11a000 	C:\Program Files\Java\jdk1.8.0_211\jre\bin\net.dll
0x00007ffc10460000 - 0x00007ffc10629000 	C:\WINDOWS\SYSTEM32\urlmon.dll
0x00007ffc0c4a0000 - 0x00007ffc0c746000 	C:\WINDOWS\SYSTEM32\iertutil.dll
0x00007ffc20dd0000 - 0x00007ffc20ddb000 	C:\WINDOWS\SYSTEM32\CRYPTBASE.DLL
0x00007ffc20c00000 - 0x00007ffc20c66000 	C:\WINDOWS\system32\mswsock.dll
0x00007ffbffd10000 - 0x00007ffbffd22000 	C:\Program Files\Java\jdk1.8.0_211\jre\bin\nio.dll
0x00007ffbfe4c0000 - 0x00007ffbfe4e6000 	C:\Users\e_pro\.gradle\native\29\windows-amd64\native-platform.dll
0x00007ffc0eff0000 - 0x00007ffc0effd000 	C:\Program Files\Java\jdk1.8.0_211\jre\bin\management.dll
0x00007ffc20db0000 - 0x00007ffc20dc7000 	C:\WINDOWS\SYSTEM32\CRYPTSP.dll
0x00007ffc207f0000 - 0x00007ffc20823000 	C:\WINDOWS\system32\rsaenh.dll
0x00007ffc20ee0000 - 0x00007ffc20f05000 	C:\WINDOWS\SYSTEM32\bcrypt.dll
0x00007ffc212b0000 - 0x00007ffc212d8000 	C:\WINDOWS\SYSTEM32\USERENV.dll
0x00007ffc20990000 - 0x00007ffc209c8000 	C:\WINDOWS\SYSTEM32\IPHLPAPI.DLL
0x00007ffc24120000 - 0x00007ffc24128000 	C:\WINDOWS\System32\NSI.dll
0x00007ffc17840000 - 0x00007ffc17856000 	C:\WINDOWS\SYSTEM32\dhcpcsvc6.DLL
0x00007ffc16950000 - 0x00007ffc1696a000 	C:\WINDOWS\SYSTEM32\dhcpcsvc.DLL
0x00007ffc20480000 - 0x00007ffc204b1000 	C:\WINDOWS\SYSTEM32\ntmarta.dll

VM Arguments:
jvm_args: -XX:MaxMetaspaceSize=256m -XX:+HeapDumpOnOutOfMemoryError -Xms256m -Xmx512m -Dfile.encoding=windows-1252 -Duser.country=BR -Duser.language=pt -Duser.variant 
java_command: org.gradle.launcher.daemon.bootstrap.GradleDaemon 5.4.1
java_class_path (initial): C:\Users\e_pro\.gradle\wrapper\dists\gradle-5.4.1-all\3221gyojl5jsh0helicew7rwx\gradle-5.4.1\lib\gradle-launcher-5.4.1.jar
Launcher Type: SUN_STANDARD

Environment Variables:
JAVA_HOME=C:\Program Files\Java\jdk1.8.0_211
CLASSPATH=C:\workspace\semana_omnistack\mobile\android\\gradle\wrapper\gradle-wrapper.jar
PATH=C:\Python27\;C:\Python27\Scripts;C:\Program Files (x86)\Common Files\Oracle\Java\javapath;C:\Windows\system32;C:\Windows;C:\Windows\System32\Wbem;C:\Windows\System32\WindowsPowerShell\v1.0\;C:\Windows\System32\OpenSSH\;C:\Program Files (x86)\NVIDIA Corporation\PhysX\Common;C:\WINDOWS\system32;C:\WINDOWS;C:\WINDOWS\System32\Wbem;C:\WINDOWS\System32\WindowsPowerShell\v1.0\;C:\WINDOWS\System32\OpenSSH\;C:\Program Files\dotnet\;C:\Program Files\Microsoft SQL Server\130\Tools\Binn\;C:\Program Files\Git\cmd;C:\Program Files (x86)\Yarn\bin\;C:\Program Files\Calibre2\;C:\Program Files (x86)\Intel\Intel(R) Management Engine Components\DAL;C:\Program Files\Intel\Intel(R) Management Engine Components\DAL;C:\Program Files\Microsoft SQL Server\Client SDK\ODBC\170\Tools\Binn\;C:\ProgramData\chocolatey\bin;C:\Program Files\nodejs\;C:\Program Files\Java\jdk1.8.0_211\bin;C:\Android\Sdk\platform-tools;C:\Android\Sdk\tools;C:\Users\e_pro\AppData\Local\Microsoft\WindowsApps;C:\Program Files\MySQL\MySQL Server 8.0\bin;C:\Python27;C:\Users\e_pro\AppData\Local\Programs\Microsoft VS Code\bin;C:\Users\e_pro\AppData\Local\Yarn\bin;C:\Program Files\MongoDB\Server\4.0\bin;C:\Users\e_pro\AppData\Roaming\npm
USERNAME=e_pro
OS=Windows_NT
PROCESSOR_IDENTIFIER=Intel64 Family 6 Model 142 Stepping 10, GenuineIntel



---------------  S Y S T E M  ---------------

OS: Windows 10.0 , 64 bit Build 17134 (10.0.17134.753)

CPU:total 8 (initial active 8) (4 cores per cpu, 2 threads per core) family 6 model 142 stepping 10, cmov, cx8, fxsr, mmx, sse, sse2, sse3, ssse3, sse4.1, sse4.2, popcnt, avx, avx2, aes, clmul, erms, 3dnowpref, lzcnt, ht, tsc, tscinvbit, bmi1, bmi2, adx

Memory: 4k page, physical 16672068k(2371632k free), swap 16672068k(5320k free)

vm_info: Java HotSpot(TM) 64-Bit Server VM (25.211-b12) for windows-amd64 JRE (1.8.0_211-b12), built on Apr  1 2019 20:53:26 by "java_re" with MS VC++ 10.0 (VS2010)

time: Sun Aug 11 13:43:38 2019
timezone: Hora oficial do Brasil
elapsed time: 51 seconds (0d 0h 0m 51s)

